org.apache.commons.logging.impl.LogFactoryImpl.class
AlignmentReader.class
AlignmentReaderImpl.class
edu.cornell.med.icb.identifier.DoubleIndexedIdentifier.class
it.unimi.dsi.fastutil.objects.Object2IntOpenHashMap.class
EntryFlagHelper.class
org.apache.commons.io.FilenameUtils.class
WarningCounter.class
CountsReader.class
CountBinningAdaptor.class
CountsArchiveReader.class
CachingCountsArchiveReader.class
CountAdaptiveBinningAdaptor.class
CountsReaderI.class
AlignmentCollectionHandler.class
HybridChunkCodec1.class
GZipChunkCodec.class
BZip2ChunkCodec.class
NullChunkCodec.class
it.unimi.dsi.fastutil.io.RepositionableStream.class
MessageChunksWriter.class
it.unimi.dsi.fastutil.bytes.ByteList.class
it.unimi.dsi.fastutil.bytes.ByteArrayList.class
it/unimi/dsi/io/*.in.*